\BOOKMARK [1][-]{section.1}{\376\377\000W\000s\000t\001\031\000p}{}% 1
\BOOKMARK [1][-]{section.2}{\376\377\000C\000h\000a\000r\000a\000k\000t\000e\000r\000y\000s\000t\000y\000k\000a\000\040\000p\000r\000o\000j\000e\000k\000t\000\363\000w}{}% 2
\BOOKMARK [2][-]{subsection.2.1}{\376\377\000D\000e\000f\000i\000n\000i\000c\000j\000a\000\040\000p\000r\000o\000j\000e\000k\000t\000u}{section.2}% 3
\BOOKMARK [2][-]{subsection.2.2}{\376\377\001\173\000e\000l\000a\000z\000n\000y\000\040\000t\000r\000\363\000j\000k\001\005\000t\000\040\000p\000r\000o\000j\000e\000k\000t\000u}{section.2}% 4
\BOOKMARK [2][-]{subsection.2.3}{\376\377\000P\000r\000o\000j\000e\000k\000t\000y\000z\000a\000c\000j\000a}{section.2}% 5
\BOOKMARK [2][-]{subsection.2.4}{\376\377\000R\000e\000z\000u\000l\000t\000a\000t\000y\000\040\000p\000r\000o\000j\000e\000k\000t\000\363\000w}{section.2}% 6
\BOOKMARK [2][-]{subsection.2.5}{\376\377\000P\000r\000o\000j\000e\000k\000t\000y\000\040\000i\000n\000f\000o\000r\000m\000a\000t\000y\000c\000z\000n\000e\000\040\000w\000\040\000k\000o\000n\000t\000e\000k\001\133\000c\000i\000e\000\040\000r\000o\000s\000n\001\005\000c\000e\000j\000\040\000l\000i\000c\000z\000b\000y\000\040\000p\000r\000o\000j\000e\000k\000t\000\363\000w}{section.2}% 7
\BOOKMARK [1][-]{section.3}{\376\377\000S\000p\000e\000c\000y\000f\000i\000k\000a\000\040\000p\000r\000o\000j\000e\000k\000t\000\363\000w\000\040\000i\000n\000f\000o\000r\000m\000a\000t\000y\000c\000z\000n\000y\000c\000h}{}% 8
\BOOKMARK [2][-]{subsection.3.1}{\376\377\000N\000i\000e\000c\000h\001\031\001\007\000\040\000d\000o\000\040\000p\000r\000o\000j\000e\000k\000t\000\363\000w\000\040\000i\000n\000f\000o\000r\000m\000a\000t\000y\000c\000z\000n\000y\000c\000h}{section.3}% 9
\BOOKMARK [2][-]{subsection.3.2}{\376\377\000C\000y\000k\000l\000\040\001\174\000y\000c\000i\000a\000\040\000w\000\040\000p\000r\000o\000j\000e\000k\000t\000a\000c\000h\000\040\000i\000n\000f\000o\000r\000m\000a\000t\000y\000c\000z\000n\000y\000c\000h}{section.3}% 10
\BOOKMARK [3][-]{subsubsection.3.2.1}{\376\377\000C\000y\000k\000l\000\040\001\174\000y\000c\000i\000a\000\040\000p\000r\000o\000j\000e\000k\000t\000u}{subsection.3.2}% 11
\BOOKMARK [3][-]{subsubsection.3.2.2}{\376\377\000C\000y\000k\000l\000\040\001\174\000y\000c\000i\000a\000\040\000p\000r\000o\000d\000u\000k\000t\000u}{subsection.3.2}% 12
\BOOKMARK [3][-]{subsubsection.3.2.3}{\376\377\000I\000n\000t\000e\000g\000r\000a\000c\000j\000a\000\040\000P\000L\000C\000\040\000i\000\040\000S\000D\000L\000C\000\040\000w\000\040\000p\000r\000o\000j\000e\000k\000t\000a\000c\000h\000\040\000i\000n\000f\000o\000r\000m\000a\000t\000y\000c\000z\000n\000y\000c\000h}{subsection.3.2}% 13
\BOOKMARK [2][-]{subsection.3.3}{\376\377\000M\000o\000d\000e\000l\000e\000\040\000S\000D\000L\000C}{section.3}% 14
\BOOKMARK [3][-]{subsubsection.3.3.1}{\376\377\000M\000o\000d\000e\000l\000\040\000k\000a\000s\000k\000a\000d\000o\000w\000y}{subsection.3.3}% 15
\BOOKMARK [3][-]{subsubsection.3.3.2}{\376\377\000A\000g\000i\000l\000e}{subsection.3.3}% 16
\BOOKMARK [2][-]{subsection.3.4}{\376\377\000R\000\363\001\174\000n\000o\000r\000o\000d\000n\000e\000\040\000t\000e\000c\000h\000n\000o\000l\000o\000g\000i\000e}{section.3}% 17
\BOOKMARK [2][-]{subsection.3.5}{\376\377\000S\000p\000e\000c\000j\000a\000l\000i\001\133\000c\000i\000\040\000I\000T}{section.3}% 18
\BOOKMARK [2][-]{subsection.3.6}{\376\377\000R\000y\000z\000y\000k\000a\000\040\000w\000\040\000p\000r\000o\000j\000e\000k\000t\000a\000c\000h\000\040\000I\000T}{section.3}% 19
\BOOKMARK [3][-]{subsubsection.3.6.1}{\376\377\000C\000z\000a\000s\000o\000w\000y\000\040\000m\000o\000d\000e\000l\000\040\000r\000y\000z\000y\000k}{subsection.3.6}% 20
\BOOKMARK [2][-]{subsection.3.7}{\376\377\000E\000w\000a\000l\000u\000a\000c\000j\000a\000\040\000p\000r\000o\000j\000e\000k\000t\000\363\000w\000\040\000i\000n\000f\000o\000r\000m\000a\000t\000y\000c\000z\000n\000y\000c\000h}{section.3}% 21
\BOOKMARK [2][-]{subsection.3.8}{\376\377\000O\000s\000t\000a\000t\000n\000i\000e\000\040\000t\000r\000e\000n\000d\000y\000\040\000w\000\040\000p\000r\000o\000j\000e\000k\000t\000a\000c\000h\000\040\000i\000n\000f\000o\000r\000m\000a\000t\000y\000c\000z\000n\000y\000c\000h}{section.3}% 22
\BOOKMARK [3][-]{subsubsection.3.8.1}{\376\377\000G\000l\000o\000b\000a\000l\000i\000z\000a\000c\000j\000a}{subsection.3.8}% 23
\BOOKMARK [3][-]{subsubsection.3.8.2}{\376\377\000O\000u\000t\000s\000o\000u\000r\000c\000i\000n\000g}{subsection.3.8}% 24
\BOOKMARK [3][-]{subsubsection.3.8.3}{\376\377\000Z\000e\000s\000p\000o\001\102\000y\000\040\000z\000d\000a\000l\000n\000e}{subsection.3.8}% 25
\BOOKMARK [1][-]{section.4}{\376\377\000K\000i\000e\000r\000o\000w\000n\000i\000k\000\040\000p\000r\000o\000j\000e\000k\000t\000u}{}% 26
\BOOKMARK [2][-]{subsection.4.1}{\376\377\000K\000i\000e\000r\000o\000w\000n\000i\000k\000\040\000p\000r\000o\000j\000e\000k\000t\000u}{section.4}% 27
\BOOKMARK [2][-]{subsection.4.2}{\376\377\000R\000o\000l\000e\000\040\000i\000\040\000z\000a\000d\000a\000n\000i\000a\000\040\000k\000i\000e\000r\000o\000w\000n\000i\000k\000a\000\040\000p\000r\000o\000j\000e\000k\000t\000u}{section.4}% 28
\BOOKMARK [2][-]{subsection.4.3}{\376\377\000K\000o\000m\000p\000e\000t\000e\000n\000c\000j\000e\000\040\000k\000i\000e\000r\000o\000w\000n\000i\000k\000a\000\040\000p\000r\000o\000j\000e\000k\000t\000u}{section.4}% 29
\BOOKMARK [3][-]{subsubsection.4.3.1}{\376\377\000K\000o\000m\000u\000n\000i\000k\000a\000c\000j\000a}{subsection.4.3}% 30
\BOOKMARK [3][-]{subsubsection.4.3.2}{\376\377\000P\000r\000z\000y\000w\000\363\000d\000z\000t\000w\000o}{subsection.4.3}% 31
\BOOKMARK [3][-]{subsubsection.4.3.3}{\376\377\000Z\000a\000r\000z\001\005\000d\000z\000a\000n\000i\000e\000\040\000s\000o\000b\001\005\000\040\000\050\000a\000n\000g\000.\000\040\000S\000e\000l\000f\000-\000m\000a\000n\000a\000g\000e\000m\000e\000n\000t\000\051}{subsection.4.3}% 32
\BOOKMARK [3][-]{subsubsection.4.3.4}{\376\377\000U\000m\000i\000e\000j\001\031\000t\000n\000o\001\133\000c\000i\000\040\000z\000a\000r\000z\001\005\000d\000c\000z\000e}{subsection.4.3}% 33
\BOOKMARK [3][-]{subsubsection.4.3.5}{\376\377\000U\000m\000i\000e\000j\001\031\000t\000n\000o\001\133\000c\000i\000\040\000t\000e\000c\000h\000n\000i\000c\000z\000n\000e}{subsection.4.3}% 34
\BOOKMARK [2][-]{subsection.4.4}{\376\377\000Z\000n\000a\000c\000z\000e\000n\000i\000e\000\040\000w\000i\000e\000d\000z\000y\000\040\000z\000\040\000z\000a\000k\000r\000e\000s\000u\000\040\000i\000n\001\174\000y\000n\000i\000e\000r\000i\000i\000\040\000o\000p\000r\000o\000g\000r\000a\000m\000o\000w\000a\000n\000i\000a\000\040\000d\000l\000a\000\040\000k\000i\000e\000r\000o\000w\000n\000i\000k\000a\000\040\000p\000r\000o\000j\000e\000k\000t\000u}{section.4}% 35
\BOOKMARK [1][-]{section*.18}{\376\377\000R\000o\000z\000d\000z\000i\000a\001\102\000\040\000X\000:\000\040\000A\000n\000a\000l\000i\000z\000a\000\040\000b\000a\000d\000a\000n\000i\000a\000\040\000d\000o\000t\000y\000c\000z\001\005\000c\000e\000g\000o\000\040\000k\000o\000m\000p\000e\000t\000e\000n\000c\000j\000i\000\040\000k\000i\000e\000r\000o\000w\000n\000i\000k\000a\000\040\000p\000r\000o\000j\000e\000k\000t\000u\000\040\000i\000n\000f\000o\000r\000m\000a\000t\000y\000c\000z\000n\000e\000g\000o}{}% 36
\BOOKMARK [2][-]{subsection*.19}{\376\377\0001\000.\000\040\000C\000e\000l\000\040\000b\000a\000d\000a\000n\000i\000a}{section*.18}% 37
\BOOKMARK [2][-]{subsection*.20}{\376\377\0002\000.\000\040\000M\000e\000t\000o\000d\000o\000l\000o\000g\000i\000a}{section*.18}% 38
\BOOKMARK [2][-]{subsection*.21}{\376\377\0003\000.\000\040\000C\000h\000a\000r\000a\000k\000t\000e\000r\000y\000s\000t\000y\000k\000a\000\040\000p\000r\000\363\000b\000y}{section*.18}% 39
\BOOKMARK [2][-]{subsection*.22}{\376\377\0004\000.\000\040\000W\000y\000n\000i\000k\000i\000\040\000i\000l\000o\001\133\000c\000i\000o\000w\000e}{section*.18}% 40
\BOOKMARK [3][-]{subsubsection*.23}{\376\377\0004\000.\0001\000\040\000P\000o\000r\000\363\000w\000n\000a\000n\000i\000e\000\040\001\133\000r\000e\000d\000n\000i\000c\000h\000\040\000o\000c\000e\000n\000\040\000k\000o\000m\000p\000e\000t\000e\000n\000c\000j\000i}{subsection*.22}% 41
\BOOKMARK [3][-]{subsubsection*.26}{\376\377\0004\000.\0002\000\040\000A\000n\000a\000l\000i\000z\000a\000\040\000s\000z\000c\000z\000e\000g\000\363\001\102\000o\000w\000a}{subsection*.22}% 42
\BOOKMARK [2][-]{subsection*.28}{\376\377\0005\000.\000\040\000W\000y\000n\000i\000k\000i\000\040\000j\000a\000k\000o\001\133\000c\000i\000o\000w\000e}{section*.18}% 43
\BOOKMARK [2][-]{subsection*.29}{\376\377\0006\000.\000\040\000W\000n\000i\000o\000s\000k\000i}{section*.18}% 44
\BOOKMARK [1][-]{section*.30}{\376\377\000B\000i\000b\000l\000i\000o\000g\000r\000a\000f\000i\000a}{}% 45
